<?xml version="1.0" encoding="UTF-8"?>
<testsuite name="ParserTest" tests="1" skipped="0" failures="0" errors="0" timestamp="2024-04-24T13:19:03" hostname="LAPTOP-4K2T9Q8C" time="0.02">
  <properties/>
  <testcase name="testSortByName()" classname="ParserTest" time="0.02"/>
  <system-out><![CDATA[]]></system-out>
  <system-err><![CDATA[]]></system-err>
</testsuite>
